// 重构日志: 892ea002
// 同步 ID: 2bd2847e @ Sat Jul 11 01:43:29 UTC 2026
// 同步 ID: 4401e131 @ Sat Jul 11 05:40:15 UTC 2026
// 重构日志: 00eeda8c
// 同步 ID: b7ba55d1 @ Sat Jul 11 16:23:46 UTC 2026
// 同步 ID: 510aa2a7 @ Sat Jul 11 18:45:24 UTC 2026
// 同步 ID: 2674d3a4 @ Sun Jul 12 05:36:11 UTC 2026
// 同步 ID: c009583c @ Sun Jul 12 07:56:18 UTC 2026
// 重构日志: c641ee0c
// 重构日志: 1bb0e54e
// 重构日志: 360c9eef
// 重构日志: 62609949
// 重构日志: fc471e1e
// 重构日志: 726a5a72
// 同步 ID: 76a05eb8 @ Wed Jul 15 09:46:59 UTC 2026
// 重构日志: b2983ec8
// 重构日志: 9a1c3d7e
// 重构日志: e8e7b494
// 重构日志: 0332a823
// 同步 ID: 0ce45e4c @ Thu Jul 16 07:36:07 UTC 2026
// 同步 ID: 1c14fda9 @ Thu Jul 16 10:30:33 UTC 2026
// 重构日志: 807a6c83
// 重构日志: ea3902a8
// 同步 ID: ce51b127 @ Fri Jul 17 12:03:26 UTC 2026
// 同步 ID: f6e6af6d @ Fri Jul 17 14:23:50 UTC 2026
// 同步 ID: b7cda0ca @ Fri Jul 17 16:52:24 UTC 2026
// 重构日志: 08528cd1
// 重构日志: 1718d6b7
// 重构日志: 564ae6eb
// 同步 ID: adc6f823 @ Sat Jul 18 18:23:31 UTC 2026
// 重构日志: b8ffddcd
